<?xml version="1.0" encoding="UTF-8"?>
<!-- Generated by org.testng.reporters.JUnitReportReporter -->
<testsuite hostname="LAPTOP-UN0G5FL5" failures="0" tests="1" name="pages.BaseTest" time="6.512" errors="0" timestamp="2023-11-30T22:11:48 IST" skipped="0">
  <testcase classname="pages.BaseTest" name="openBrowser" time="6.512"/>
  <system-out/>
</testsuite> <!-- pages.BaseTest -->
